Performing C SOURCE FILE Test CMAKE_HAVE_LIBC_PTHREAD failed with the following output:
Change Dir: /home/zhjd/ws_3d_vp/src/view_planning/cmake-build-debug/CMakeFiles/CMakeTmp

Run Build Command(s):/home/zhjd/software/clion/CLion-2022.2.3/clion-2022.2.3/bin/ninja/linux/ninja cmTC_36970 && [1/2] Building C object CMakeFiles/cmTC_36970.dir/src.c.o
[2/2] Linking C executable cmTC_36970
FAILED: cmTC_36970 
: && /usr/bin/cc  -rdynamic CMakeFiles/cmTC_36970.dir/src.c.o -o cmTC_36970   && :
CMakeFiles/cmTC_36970.dir/src.c.o: In function `main':
src.c:(.text+0x3e): undefined reference to `pthread_create'
src.c:(.text+0x4a): undefined reference to `pthread_detach'
src.c:(.text+0x56): undefined reference to `pthread_cancel'
src.c:(.text+0x67): undefined reference to `pthread_join'
src.c:(.text+0x7b): undefined reference to `pthread_atfork'
collect2: error: ld returned 1 exit status
ninja: build stopped: subcommand failed.


Source file was:
#include <pthread.h>

static void* test_func(void* data)
{
  return data;
}

int main(void)
{
  pthread_t thread;
  pthread_create(&thread, NULL, test_func, NULL);
  pthread_detach(thread);
  pthread_cancel(thread);
  pthread_join(thread, NULL);
  pthread_atfork(NULL, NULL, NULL);
  pthread_exit(NULL);

  return 0;
}

Determining if the function pthread_create exists in the pthreads failed with the following output:
Change Dir: /home/zhjd/ws_3d_vp/src/view_planning/cmake-build-debug/CMakeFiles/CMakeTmp

Run Build Command(s):/home/zhjd/software/clion/CLion-2022.2.3/clion-2022.2.3/bin/ninja/linux/ninja cmTC_92663 && [1/2] Building C object CMakeFiles/cmTC_92663.dir/CheckFunctionExists.c.o
[2/2] Linking C executable cmTC_92663
FAILED: cmTC_92663 
: && /usr/bin/cc -DCHECK_FUNCTION_EXISTS=pthread_create -rdynamic CMakeFiles/cmTC_92663.dir/CheckFunctionExists.c.o -o cmTC_92663  -lpthreads && :
/usr/bin/ld: cannot find -lpthreads
collect2: error: ld returned 1 exit status
ninja: build stopped: subcommand failed.



